<?xml version="1.0" encoding="utf-8"?><testsuites><testsuite name="pytest" errors="0" failures="0" skipped="0" tests="216" time="1.413" timestamp="2025-08-13T12:02:11.022484" hostname="manavs-mbp.l1l.can.ibm.com"><testcase classname="tests.unit.utils.test_file_utils.TestBinaryFileDetection" name="test_is_binary_file_unknown_extension" time="0.077" /><testcase classname="tests.unit.utils.test_file_utils.TestBinaryFileDetection" name="test_is_binary_file_compiled_objects" time="0.001" /><testcase classname="tests.unit.utils.test_file_utils.TestBinaryFileDetection" name="test_is_binary_file_archives" time="0.001" /><testcase classname="tests.unit.utils.test_file_utils.TestBinaryFileDetection" name="test_is_binary_file_images" time="0.001" /><testcase classname="tests.unit.utils.test_file_utils.TestBinaryFileDetection" name="test_is_binary_file_audio_video" time="0.001" /><testcase classname="tests.unit.utils.test_file_utils.TestBinaryFileDetection" name="test_is_binary_file_databases" time="0.001" /><testcase classname="tests.unit.utils.test_file_utils.TestBinaryFileDetection" name="test_is_binary_file_with_path" time="0.001" /><testcase classname="tests.unit.utils.test_file_utils.TestBinaryFileDetection" name="test_is_binary_file_multiple_extensions" time="0.001" /><testcase classname="tests.unit.utils.test_file_utils.TestBinaryFileDetection" name="test_is_binary_file_executables" time="0.001" /><testcase classname="tests.unit.utils.test_file_utils.TestBinaryFileDetection" name="test_is_binary_file_path_object" time="0.001" /><testcase classname="tests.unit.utils.test_file_utils.TestBinaryFileDetection" name="test_is_binary_file_text_files" time="0.001" /><testcase classname="tests.unit.utils.test_file_utils.TestBinaryFileDetection" name="test_is_binary_file_no_extension" time="0.001" /><testcase classname="tests.unit.utils.test_file_utils.TestBinaryFileDetection" name="test_is_binary_file_documents" time="0.001" /><testcase classname="tests.unit.utils.test_file_utils.TestBinaryFileDetection" name="test_is_binary_file_case_insensitive" time="0.001" /><testcase classname="tests.unit.utils.test_file_utils.TestBinaryFileDetection" name="test_is_binary_file_edge_cases" time="0.001" /><testcase classname="tests.unit.utils.test_file_utils.TestFileExtension" name="test_get_file_extension_path_object" time="0.001" /><testcase classname="tests.unit.utils.test_file_utils.TestFileExtension" name="test_get_file_extension_multiple_dots" time="0.000" /><testcase classname="tests.unit.utils.test_file_utils.TestFileExtension" name="test_get_file_extension_uppercase" time="0.002" /><testcase classname="tests.unit.utils.test_file_utils.TestFileExtension" name="test_get_file_extension_double_dot" time="0.001" /><testcase classname="tests.unit.utils.test_file_utils.TestFileExtension" name="test_get_file_extension_no_extension" time="0.001" /><testcase classname="tests.unit.utils.test_file_utils.TestFileExtension" name="test_get_file_extension_with_path" time="0.000" /><testcase classname="tests.unit.utils.test_file_utils.TestFileExtension" name="test_get_file_extension_dot_only" time="0.000" /><testcase classname="tests.unit.utils.test_file_utils.TestFileExtension" name="test_get_file_extension_basic" time="0.000" /><testcase classname="tests.unit.utils.test_file_utils.TestFileExtension" name="test_get_file_extension_hidden_file" time="0.001" /><testcase classname="tests.unit.utils.test_file_utils.TestFileExtension" name="test_get_file_extension_empty" time="0.003" /><testcase classname="tests.unit.models.test_git_models.TestGitRemote" name="test_git_remote_auto_push_url" time="0.001" /><testcase classname="tests.unit.models.test_git_models.TestGitRemote" name="test_git_remote_creation" time="0.001" /><testcase classname="tests.unit.models.test_git_models.TestFileStatus" name="test_file_status_total_changes_zero" time="0.004" /><testcase classname="tests.unit.models.test_git_models.TestFileStatus" name="test_file_status_binary_file" time="0.001" /><testcase classname="tests.unit.models.test_git_models.TestFileStatus" name="test_file_status_status_description_property" time="0.001" /><testcase classname="tests.unit.models.test_git_models.TestFileStatus" name="test_file_status_total_changes_property" time="0.000" /><testcase classname="tests.unit.models.test_git_models.TestFileStatus" name="test_file_status_with_rename" time="0.001" /><testcase classname="tests.unit.models.test_git_models.TestFileStatus" name="test_file_status_creation" time="0.003" /><testcase classname="tests.unit.models.test_git_models.TestFileStatus" name="test_file_status_negative_lines_validation" time="0.001" /><testcase classname="tests.unit.models.test_git_models.TestFileStatus" name="test_file_status_defaults" time="0.001" /><testcase classname="tests.unit.models.test_git_models.TestModelIntegration" name="test_repository_with_complex_structure" time="0.003" /><testcase classname="tests.unit.models.test_git_models.TestModelIntegration" name="test_model_serialization" time="0.001" /><testcase classname="tests.unit.models.test_git_models.TestLocalRepository" name="test_local_repository_name_auto_generation" time="0.001" /><testcase classname="tests.unit.models.test_git_models.TestLocalRepository" name="test_local_repository_defaults" time="0.001" /><testcase classname="tests.unit.models.test_git_models.TestLocalRepository" name="test_local_repository_with_remotes_and_branches" time="0.002" /><testcase classname="tests.unit.models.test_git_models.TestLocalRepository" name="test_local_repository_creation" time="0.001" /><testcase classname="tests.unit.models.test_git_models.TestLocalRepository" name="test_local_repository_invalid_path" time="0.002" /><testcase classname="tests.unit.models.test_git_models.TestGitBranch" name="test_git_branch_defaults" time="0.001" /><testcase classname="tests.unit.models.test_git_models.TestGitBranch" name="test_git_branch_creation" time="0.000" /><testcase classname="tests.unit.models.test_git_models.TestGitBranch" name="test_git_branch_validation" time="0.001" /><testcase classname="tests.unit.test_example.TestExample" name="test_basic_math" time="0.001" /><testcase classname="tests.unit.test_example.TestExample" name="test_example" time="0.001" /><testcase classname="tests.unit.utils.test_git_utils.TestBinaryFileDetection" name="test_is_binary_file_document" time="0.001" /><testcase classname="tests.unit.utils.test_git_utils.TestBinaryFileDetection" name="test_is_binary_file_unknown_extension" time="0.000" /><testcase classname="tests.unit.utils.test_git_utils.TestBinaryFileDetection" name="test_is_binary_file_executable" time="0.000" /><testcase classname="tests.unit.utils.test_git_utils.TestBinaryFileDetection" name="test_is_binary_file_case_insensitive" time="0.001" /><testcase classname="tests.unit.utils.test_git_utils.TestBinaryFileDetection" name="test_is_binary_file_image" time="0.001" /><testcase classname="tests.unit.utils.test_git_utils.TestBinaryFileDetection" name="test_is_binary_file_text" time="0.001" /><testcase classname="tests.unit.utils.test_git_utils.TestBinaryFileDetection" name="test_is_binary_file_audio_video" time="0.001" /><testcase classname="tests.unit.utils.test_git_utils.TestBinaryFileDetection" name="test_is_binary_file_database" time="0.000" /><testcase classname="tests.unit.utils.test_git_utils.TestBinaryFileDetection" name="test_is_binary_file_path_object" time="0.000" /><testcase classname="tests.unit.utils.test_git_utils.TestBinaryFileDetection" name="test_is_binary_file_archive" time="0.001" /><testcase classname="tests.unit.utils.test_git_utils.TestBinaryFileDetection" name="test_is_binary_file_no_extension" time="0.001" /><testcase classname="tests.unit.utils.test_git_utils.TestTextTruncation" name="test_truncate_text_suffix_exactly_max_length" time="0.001" /><testcase classname="tests.unit.utils.test_git_utils.TestTextTruncation" name="test_truncate_text_unicode" time="0.000" /><testcase classname="tests.unit.utils.test_git_utils.TestTextTruncation" name="test_truncate_text_short" time="0.001" /><testcase classname="tests.unit.utils.test_git_utils.TestTextTruncation" name="test_truncate_text_custom_suffix" time="0.001" /><testcase classname="tests.unit.utils.test_git_utils.TestTextTruncation" name="test_truncate_text_exact_length" time="0.001" /><testcase classname="tests.unit.utils.test_git_utils.TestTextTruncation" name="test_truncate_text_empty" time="0.001" /><testcase classname="tests.unit.utils.test_git_utils.TestTextTruncation" name="test_truncate_text_suffix_longer_than_max" time="0.000" /><testcase classname="tests.unit.utils.test_git_utils.TestTextTruncation" name="test_truncate_text_long" time="0.001" /><testcase classname="tests.unit.utils.test_git_utils.TestFileExtension" name="test_get_file_extension_no_extension" time="0.001" /><testcase classname="tests.unit.utils.test_git_utils.TestFileExtension" name="test_get_file_extension_dot_only" time="0.005" /><testcase classname="tests.unit.utils.test_git_utils.TestFileExtension" name="test_get_file_extension_double_dot" time="0.001" /><testcase classname="tests.unit.utils.test_git_utils.TestFileExtension" name="test_get_file_extension_uppercase" time="0.001" /><testcase classname="tests.unit.utils.test_git_utils.TestFileExtension" name="test_get_file_extension_multiple_dots" time="0.002" /><testcase classname="tests.unit.utils.test_git_utils.TestFileExtension" name="test_get_file_extension_empty" time="0.001" /><testcase classname="tests.unit.utils.test_git_utils.TestFileExtension" name="test_get_file_extension_basic" time="0.000" /><testcase classname="tests.unit.utils.test_git_utils.TestFileExtension" name="test_get_file_extension_hidden_file" time="0.001" /><testcase classname="tests.unit.utils.test_git_utils.TestSafeFilename" name="test_safe_filename_only_unsafe" time="0.001" /><testcase classname="tests.unit.utils.test_git_utils.TestSafeFilename" name="test_safe_filename_empty" time="0.001" /><testcase classname="tests.unit.utils.test_git_utils.TestSafeFilename" name="test_safe_filename_mixed_unsafe" time="0.000" /><testcase classname="tests.unit.utils.test_git_utils.TestSafeFilename" name="test_safe_filename_unsafe_chars" time="0.000" /><testcase classname="tests.unit.utils.test_git_utils.TestSafeFilename" name="test_safe_filename_trailing_spaces" time="0.000" /><testcase classname="tests.unit.utils.test_git_utils.TestSafeFilename" name="test_safe_filename_normal" time="0.001" /><testcase classname="tests.unit.utils.test_git_utils.TestSafeFilename" name="test_safe_filename_too_long" time="0.000" /><testcase classname="tests.unit.utils.test_git_utils.TestSafeFilename" name="test_safe_filename_leading_dots" time="0.002" /><testcase classname="tests.unit.utils.test_git_utils.TestFileSizeFormatting" name="test_format_file_size_gigabytes" time="0.001" /><testcase classname="tests.unit.utils.test_git_utils.TestFileSizeFormatting" name="test_format_file_size_large_bytes" time="0.001" /><testcase classname="tests.unit.utils.test_git_utils.TestFileSizeFormatting" name="test_format_file_size_bytes" time="0.001" /><testcase classname="tests.unit.utils.test_git_utils.TestFileSizeFormatting" name="test_format_file_size_exact_mb" time="0.001" /><testcase classname="tests.unit.utils.test_git_utils.TestFileSizeFormatting" name="test_format_file_size_zero" time="0.001" /><testcase classname="tests.unit.utils.test_git_utils.TestFileSizeFormatting" name="test_format_file_size_megabytes" time="0.001" /><testcase classname="tests.unit.utils.test_git_utils.TestFileSizeFormatting" name="test_format_file_size_fractional_kb" time="0.000" /><testcase classname="tests.unit.utils.test_git_utils.TestFileSizeFormatting" name="test_format_file_size_kilobytes" time="0.000" /><testcase classname="tests.unit.utils.test_git_utils.TestCommitMessageFormatting" name="test_format_commit_message_exact_length" time="0.000" /><testcase classname="tests.unit.utils.test_git_utils.TestCommitMessageFormatting" name="test_format_commit_message_custom_suffix" time="0.000" /><testcase classname="tests.unit.utils.test_git_utils.TestCommitMessageFormatting" name="test_format_commit_message_long" time="0.001" /><testcase classname="tests.unit.utils.test_git_utils.TestCommitMessageFormatting" name="test_format_commit_message_multiline" time="0.001" /><testcase classname="tests.unit.utils.test_git_utils.TestCommitMessageFormatting" name="test_format_commit_message_unicode" time="0.000" /><testcase classname="tests.unit.utils.test_git_utils.TestCommitMessageFormatting" name="test_format_commit_message_empty" time="0.000" /><testcase classname="tests.unit.utils.test_git_utils.TestCommitMessageFormatting" name="test_format_commit_message_short" time="0.000" /><testcase classname="tests.unit.utils.test_git_utils.TestDiffStatsParsing" name="test_parse_diff_stats_no_insertions" time="0.002" /><testcase classname="tests.unit.utils.test_git_utils.TestDiffStatsParsing" name="test_parse_diff_stats_basic" time="0.001" /><testcase classname="tests.unit.utils.test_git_utils.TestDiffStatsParsing" name="test_parse_diff_stats_empty" time="0.001" /><testcase classname="tests.unit.utils.test_git_utils.TestDiffStatsParsing" name="test_parse_diff_stats_no_deletions" time="0.001" /><testcase classname="tests.unit.utils.test_git_utils.TestDiffStatsParsing" name="test_parse_diff_stats_complex" time="0.000" /><testcase classname="tests.unit.utils.test_git_utils.TestDiffStatsParsing" name="test_parse_diff_stats_no_changes" time="0.000" /><testcase classname="tests.unit.utils.test_git_utils.TestGitRepositoryDetection" name="test_is_git_repository_false" time="0.002" /><testcase classname="tests.unit.utils.test_git_utils.TestGitRepositoryDetection" name="test_is_git_repository_nonexistent" time="0.001" /><testcase classname="tests.unit.utils.test_git_utils.TestGitRepositoryDetection" name="test_find_git_root_no_repo" time="0.001" /><testcase classname="tests.unit.utils.test_git_utils.TestGitRepositoryDetection" name="test_find_git_root_from_repo" time="0.001" /><testcase classname="tests.unit.utils.test_git_utils.TestGitRepositoryDetection" name="test_find_git_root_from_nonexistent" time="0.001" /><testcase classname="tests.unit.utils.test_git_utils.TestGitRepositoryDetection" name="test_find_git_root_from_subdirectory" time="0.001" /><testcase classname="tests.unit.utils.test_git_utils.TestGitRepositoryDetection" name="test_is_git_repository_true" time="0.001" /><testcase classname="tests.unit.utils.test_git_utils.TestGitUrlParsing" name="test_parse_git_url_https" time="0.003" /><testcase classname="tests.unit.utils.test_git_utils.TestGitUrlParsing" name="test_parse_git_url_empty" time="0.000" /><testcase classname="tests.unit.utils.test_git_utils.TestGitUrlParsing" name="test_parse_git_url_https_no_git_extension" time="0.000" /><testcase classname="tests.unit.utils.test_git_utils.TestGitUrlParsing" name="test_parse_git_url_ssh" time="0.000" /><testcase classname="tests.unit.utils.test_git_utils.TestGitUrlParsing" name="test_parse_git_url_complex_ssh" time="0.000" /><testcase classname="tests.unit.utils.test_git_utils.TestGitUrlParsing" name="test_parse_git_url_ssh_no_git_extension" time="0.001" /><testcase classname="tests.unit.utils.test_git_utils.TestGitUrlParsing" name="test_parse_git_url_unknown" time="0.001" /><testcase classname="tests.unit.utils.test_git_utils.TestPathNormalization" name="test_normalize_path_string" time="0.001" /><testcase classname="tests.unit.utils.test_git_utils.TestPathNormalization" name="test_normalize_path_windows_style" time="0.000" /><testcase classname="tests.unit.utils.test_git_utils.TestPathNormalization" name="test_normalize_path_empty" time="0.000" /><testcase classname="tests.unit.utils.test_git_utils.TestPathNormalization" name="test_normalize_path_absolute" time="0.000" /><testcase classname="tests.unit.utils.test_git_utils.TestPathNormalization" name="test_normalize_path_parent_dir" time="0.000" /><testcase classname="tests.unit.utils.test_git_utils.TestPathNormalization" name="test_normalize_path_current_dir" time="0.000" /><testcase classname="tests.unit.utils.test_git_utils.TestPathNormalization" name="test_normalize_path_path_object" time="0.000" /><testcase classname="tests.unit.models.test_analysis_models.TestCategorizationModels" name="test_change_categorization_empty" time="0.001" /><testcase classname="tests.unit.models.test_analysis_models.TestCategorizationModels" name="test_change_categorization_creation" time="0.001" /><testcase classname="tests.unit.models.test_analysis_models.TestRepositoryModels" name="test_repository_status_with_changes" time="0.001" /><testcase classname="tests.unit.models.test_analysis_models.TestRepositoryModels" name="test_branch_status_ahead" time="0.000" /><testcase classname="tests.unit.models.test_analysis_models.TestRepositoryModels" name="test_repository_status_clean" time="0.001" /><testcase classname="tests.unit.models.test_analysis_models.TestRepositoryModels" name="test_branch_status_diverged" time="0.000" /><testcase classname="tests.unit.models.test_analysis_models.TestRepositoryModels" name="test_branch_status_up_to_date" time="0.000" /><testcase classname="tests.unit.models.test_analysis_models.TestRiskModels" name="test_risk_assessment_low_risk" time="0.000" /><testcase classname="tests.unit.models.test_analysis_models.TestRiskModels" name="test_risk_assessment_many_large_changes" time="0.001" /><testcase classname="tests.unit.models.test_analysis_models.TestRiskModels" name="test_risk_assessment_high_risk" time="0.000" /><testcase classname="tests.unit.models.test_analysis_models.TestModelIntegration" name="test_categorization_and_risk_integration" time="0.001" /><testcase classname="tests.unit.models.test_analysis_models.TestModelIntegration" name="test_models_serialization" time="0.001" /><testcase classname="tests.unit.utils.test_logging_utils.TestLoggingServiceIntegration" name="test_full_workflow" time="0.006" /><testcase classname="tests.unit.utils.test_logging_utils.TestLoggingServiceIntegration" name="test_multiple_loggers" time="0.002" /><testcase classname="tests.unit.utils.test_logging_utils.TestLoggingServiceIntegration" name="test_notify_log_function_selection" time="0.002" /><testcase classname="tests.unit.utils.test_logging_utils.TestLoggingServiceIntegration" name="test_level_filtering_workflow" time="0.001" /><testcase classname="tests.unit.utils.test_logging_utils.TestLoggingService" name="test_notify_basic" time="0.002" /><testcase classname="tests.unit.utils.test_logging_utils.TestLoggingService" name="test_subscribers_list_manipulation" time="0.001" /><testcase classname="tests.unit.utils.test_logging_utils.TestLoggingService" name="test_notify_below_level" time="0.002" /><testcase classname="tests.unit.utils.test_logging_utils.TestLoggingService" name="test_should_log_warning_level" time="0.001" /><testcase classname="tests.unit.utils.test_logging_utils.TestLoggingService" name="test_should_log_debug_level" time="0.001" /><testcase classname="tests.unit.utils.test_logging_utils.TestLoggingService" name="test_should_log_all_levels" time="0.001" /><testcase classname="tests.unit.utils.test_logging_utils.TestLoggingService" name="test_subscribe" time="0.103" /><testcase classname="tests.unit.utils.test_logging_utils.TestLoggingService" name="test_initialize" time="0.002" /><testcase classname="tests.unit.utils.test_logging_utils.TestLoggingService" name="test_logging_service_initialization" time="0.001" /><testcase classname="tests.unit.utils.test_logging_utils.TestLoggingService" name="test_get_logger_existing" time="0.001" /><testcase classname="tests.unit.utils.test_logging_utils.TestLoggingService" name="test_should_log_error_level" time="0.001" /><testcase classname="tests.unit.utils.test_logging_utils.TestLoggingService" name="test_notify_without_logger_name" time="0.002" /><testcase classname="tests.unit.utils.test_logging_utils.TestLoggingService" name="test_should_log_info_level" time="0.001" /><testcase classname="tests.unit.utils.test_logging_utils.TestLoggingService" name="test_get_logger_new" time="0.001" /><testcase classname="tests.unit.utils.test_logging_utils.TestLoggingService" name="test_notify_with_subscribers" time="0.002" /><testcase classname="tests.unit.utils.test_logging_utils.TestLoggingService" name="test_set_level" time="0.002" /><testcase classname="tests.unit.utils.test_logging_utils.TestLoggingService" name="test_notify_subscriber_error" time="0.002" /><testcase classname="tests.unit.utils.test_logging_utils.TestLoggingService" name="test_get_logger_with_different_level" time="0.001" /><testcase classname="tests.unit.utils.test_logging_utils.TestLoggingService" name="test_shutdown" time="0.001" /><testcase classname="tests.unit.utils.test_logging_utils.TestModuleFunctions" name="test_get_logger_function" time="0.001" /><testcase classname="tests.unit.utils.test_logging_utils.TestModuleFunctions" name="test_setup_logging_function" time="0.001" /><testcase classname="tests.unit.utils.test_logging_utils.TestModuleFunctions" name="test_logging_service_singleton" time="0.000" /><testcase classname="tests.unit.test_server" name="test_subscribe_and_notify" time="0.012" /><testcase classname="tests.unit.test_server" name="test_get_logger_returns_logger_instance" time="0.001" /><testcase classname="tests.unit.test_server" name="test_set_level_and_notify" time="0.001" /><testcase classname="tests.unit.services.test_git_client.TestGitClient" name="test_get_diff_no_changes" time="0.003" /><testcase classname="tests.unit.services.test_git_client.TestGitClient" name="test_get_branch_info_ahead_behind_parse_error" time="0.004" /><testcase classname="tests.unit.services.test_git_client.TestGitClient" name="test_command_with_timeout_handling" time="0.002" /><testcase classname="tests.unit.services.test_git_client.TestGitClient" name="test_get_status_clean_repo" time="0.002" /><testcase classname="tests.unit.services.test_git_client.TestGitClient" name="test_get_stash_list_git_error" time="0.003" /><testcase classname="tests.unit.services.test_git_client.TestGitClient" name="test_get_diff_stats_no_output" time="0.003" /><testcase classname="tests.unit.services.test_git_client.TestGitClient" name="test_get_stash_list_empty" time="0.003" /><testcase classname="tests.unit.services.test_git_client.TestGitClient" name="test_get_diff_stats_staged_file" time="0.004" /><testcase classname="tests.unit.services.test_git_client.TestGitClient" name="test_get_diff_success" time="0.004" /><testcase classname="tests.unit.services.test_git_client.TestGitClient" name="test_context_logging" time="0.005" /><testcase classname="tests.unit.services.test_git_client.TestGitClient" name="test_get_unpushed_commits_json_parse_error" time="0.004" /><testcase classname="tests.unit.services.test_git_client.TestGitClient" name="test_get_branch_info_success" time="0.005" /><testcase classname="tests.unit.services.test_git_client.TestGitClient" name="test_get_unpushed_commits_git_error" time="0.003" /><testcase classname="tests.unit.services.test_git_client.TestGitClient" name="test_get_repository_info_no_remotes" time="0.004" /><testcase classname="tests.unit.services.test_git_client.TestGitClient" name="test_get_diff_stats_fallback_command" time="0.003" /><testcase classname="tests.unit.services.test_git_client.TestGitClient" name="test_binary_output_handling" time="0.004" /><testcase classname="tests.unit.services.test_git_client.TestGitClient" name="test_get_repository_info_success" time="0.004" /><testcase classname="tests.unit.services.test_git_client.TestGitClient" name="test_get_unpushed_commits_upstream_not_found" time="0.005" /><testcase classname="tests.unit.services.test_git_client.TestGitClient" name="test_get_status_success" time="0.003" /><testcase classname="tests.unit.services.test_git_client.TestGitClient" name="test_get_status_file_not_found" time="0.004" /><testcase classname="tests.unit.services.test_git_client.TestGitClient" name="test_get_status_unexpected_error" time="0.004" /><testcase classname="tests.unit.services.test_git_client.TestGitClient" name="test_execute_command_no_check" time="0.003" /><testcase classname="tests.unit.services.test_git_client.TestGitClient" name="test_get_status_failure" time="0.004" /><testcase classname="tests.unit.services.test_git_client.TestGitClient" name="test_get_diff_stats_binary_file" time="0.004" /><testcase classname="tests.unit.services.test_git_client.TestGitClient" name="test_execute_command_failure" time="0.003" /><testcase classname="tests.unit.services.test_git_client.TestGitClient" name="test_get_branch_info_git_error" time="0.003" /><testcase classname="tests.unit.services.test_git_client.TestGitClient" name="test_execute_command_success" time="0.003" /><testcase classname="tests.unit.services.test_git_client.TestGitClient" name="test_execute_command_file_not_found" time="0.003" /><testcase classname="tests.unit.services.test_git_client.TestGitClient" name="test_get_repository_info_bare_repo" time="0.003" /><testcase classname="tests.unit.services.test_git_client.TestGitClient" name="test_get_diff_stats_parse_error" time="0.003" /><testcase classname="tests.unit.services.test_git_client.TestGitClient" name="test_get_status_compact_format" time="0.004" /><testcase classname="tests.unit.services.test_git_client.TestGitClient" name="test_get_diff_stats_exception_handling" time="0.003" /><testcase classname="tests.unit.services.test_git_client.TestGitClient" name="test_get_unpushed_commits_success" time="0.004" /><testcase classname="tests.unit.services.test_git_client.TestGitClient" name="test_get_stash_list_success" time="0.003" /><testcase classname="tests.unit.services.test_git_client.TestGitClient" name="test_get_branch_info_no_upstream" time="0.004" /><testcase classname="tests.unit.services.test_git_client.TestGitClient" name="test_get_repository_info_exception_handling" time="0.004" /><testcase classname="tests.unit.services.test_git_client.TestGitClient" name="test_large_output_handling" time="0.003" /><testcase classname="tests.unit.services.test_git_client.TestGitClient" name="test_git_client_initialization" time="0.001" /><testcase classname="tests.unit.services.test_git_client.TestGitClient" name="test_get_status_with_rename" time="0.004" /><testcase classname="tests.unit.services.test_git_client.TestGitClient" name="test_execute_command_unexpected_error" time="0.005" /><testcase classname="tests.unit.services.test_git_client.TestGitClient" name="test_get_diff_stats_success" time="0.004" /><testcase classname="tests.unit.services.test_git_client.TestGitClient" name="test_get_branch_info_head_commit_error" time="0.004" /><testcase classname="tests.unit.services.test_git_client.TestGitClient" name="test_get_diff_staged" time="0.004" /><testcase classname="tests.unit.services.test_git_client.TestGitCommandError" name="test_git_command_error_creation" time="0.001" /><testcase classname="tests.unit.services.test_git_client.TestGitClientIntegration" name="test_real_git_status_clean" time="0.049" /><testcase classname="tests.unit.config.test_config_models.TestGitAnalyzerSettings" name="test_git_analyzer_invalid_bounds" time="0.002" /><testcase classname="tests.unit.config.test_config_models.TestGitAnalyzerSettings" name="test_git_analyzer_custom_settings" time="0.001" /><testcase classname="tests.unit.config.test_config_models.TestGitAnalyzerSettings" name="test_git_analyzer_default_settings" time="0.001" /><testcase classname="tests.unit.config.test_config_models.TestSettingsIntegration" name="test_settings_with_large_values" time="0.001" /><testcase classname="tests.unit.config.test_config_models.TestSettingsIntegration" name="test_settings_with_extreme_values" time="0.001" /><testcase classname="tests.unit.config.test_config_models.TestSettingsIntegration" name="test_settings_model_validation_and_json" time="0.008" /></testsuite></testsuites>
